<?xml version="1.0" encoding="UTF-8"?>
<testng-results skipped="0" failed="0" ignored="0" total="1" passed="1">
  <reporter-output>
  </reporter-output>
  <suite name="Default suite" duration-ms="3319" started-at="2020-10-16T20:38:23Z" finished-at="2020-10-16T20:38:27Z">
    <groups>
    </groups>
    <test name="Default test" duration-ms="3319" started-at="2020-10-16T20:38:23Z" finished-at="2020-10-16T20:38:27Z">
      <class name="demo.PayloadReadingByFile">
        <test-method status="PASS" signature="ReadPayloadFromFile()[pri:0, instance:demo.PayloadReadingByFile@14ba872]" name="ReadPayloadFromFile" duration-ms="3279" started-at="2020-10-16T20:38:24Z" finished-at="2020-10-16T20:38:27Z">
          <reporter-output>
          </reporter-output>
        </test-method> <!-- ReadPayloadFromFile -->
      </class> <!-- demo.PayloadReadingByFile -->
    </test> <!-- Default test -->
  </suite> <!-- Default suite -->
</testng-results>
